App/build/app/intermediates/manifest_merge_blame_file/release/manifest-merger-blame-release-report.txt
1<?xml version="1.0" encoding="utf-8"?>
2<manifest xmlns:android="http://schemas.android.com/apk/res/android"
3    package="com.example.draw"
4    android:versionCode="4001"
5    android:versionName="1.0.0" >
6
7    <uses-sdk
8        android:minSdkVersion="21"
8-->src\main\AndroidManifest.xml
9        android:targetSdkVersion="31" />
9-->src\main\AndroidManifest.xml
10    <!-- Although the *SdkVersion is captured in gradle build files, this is required for non gradle builds -->
11    <!-- <uses-sdk android:minSdkVersion="14" /> -->
12    <uses-permission android:name="android.permission.ACCESS_NETWORK_STATE" />
12-->[com.google.firebase:firebase-firestore:24.1.2] AndroidManifest.xml:13:5-79
12-->[com.google.firebase:firebase-firestore:24.1.2] AndroidManifest.xml:13:22-76
13    <uses-permission android:name="android.permission.INTERNET" />
13-->[com.google.firebase:firebase-firestore:24.1.2] AndroidManifest.xml:14:5-67
13-->[com.google.firebase:firebase-firestore:24.1.2] AndroidManifest.xml:14:22-64
14
15    <application
16        android:name="android.app.Application"
16-->src\main\AndroidManifest.xml:5:9-42
17        android:appComponentFactory="androidx.core.app.CoreComponentFactory"
17-->[androidx.core:core:1.6.0] AndroidManifest.xml:24:18-86
18        android:icon="@mipmap/ic_launcher"
18-->src\main\AndroidManifest.xml:6:9-43
19        android:label="draw" >
19-->src\main\AndroidManifest.xml:4:9-29
20        <activity
20-->src\main\AndroidManifest.xml:7:9-27:20
21            android:name="com.example.draw.MainActivity"
21-->src\main\AndroidManifest.xml:8:13-41
22            android:configChanges="orientation|keyboardHidden|keyboard|screenSize|smallestScreenSize|locale|layoutDirection|fontScale|screenLayout|density|uiMode"
22-->src\main\AndroidManifest.xml:12:13-163
23            android:exported="true"
23-->src\main\AndroidManifest.xml:9:13-36
24            android:hardwareAccelerated="true"
24-->src\main\AndroidManifest.xml:13:13-47
25            android:launchMode="singleTop"
25-->src\main\AndroidManifest.xml:10:13-43
26            android:theme="@style/LaunchTheme"
26-->src\main\AndroidManifest.xml:11:13-47
27            android:windowSoftInputMode="adjustResize" >
27-->src\main\AndroidManifest.xml:14:13-55
28
29            <!--
30                 Specifies an Android theme to apply to this Activity as soon as
31                 the Android process has started. This theme is visible to the user
32                 while the Flutter UI initializes. After that, this theme continues
33                 to determine the Window background behind the Flutter UI.
34            -->
35            <meta-data
35-->src\main\AndroidManifest.xml:19:13-22:17
36                android:name="io.flutter.embedding.android.NormalTheme"
36-->src\main\AndroidManifest.xml:20:15-70
37                android:resource="@style/NormalTheme" />
37-->src\main\AndroidManifest.xml:21:15-52
38
39            <intent-filter>
39-->src\main\AndroidManifest.xml:23:13-26:29
40                <action android:name="android.intent.action.MAIN" />
40-->src\main\AndroidManifest.xml:24:17-68
40-->src\main\AndroidManifest.xml:24:25-66
41
42                <category android:name="android.intent.category.LAUNCHER" />
42-->src\main\AndroidManifest.xml:25:17-76
42-->src\main\AndroidManifest.xml:25:27-74
43            </intent-filter>
44        </activity>
45        <!--
46             Don't delete the meta-data below.
47             This is used by the Flutter tool to generate GeneratedPluginRegistrant.java
48        -->
49        <meta-data
49-->src\main\AndroidManifest.xml:30:9-32:33
50            android:name="flutterEmbedding"
50-->src\main\AndroidManifest.xml:31:13-44
51            android:value="2" />
51-->src\main\AndroidManifest.xml:32:13-30
52
53        <service
53-->[:firebase_storage] AndroidManifest.xml:10:9-14:19
54            android:name="com.google.firebase.components.ComponentDiscoveryService"
54-->[:firebase_storage] AndroidManifest.xml:10:18-89
55            android:directBootAware="true"
55-->[com.google.firebase:firebase-common:20.1.1] AndroidManifest.xml:35:13-43
56            android:exported="false" >
56-->[com.google.firebase:firebase-firestore:24.1.2] AndroidManifest.xml:19:13-37
57            <meta-data
57-->[:firebase_storage] AndroidManifest.xml:11:13-13:85
58                android:name="com.google.firebase.components:io.flutter.plugins.firebase.storage.FlutterFirebaseAppRegistrar"
58-->[:firebase_storage] AndroidManifest.xml:12:17-126
59                android:value="com.google.firebase.components.ComponentRegistrar" />
59-->[:firebase_storage] AndroidManifest.xml:13:17-82
60            <meta-data
60-->[:cloud_firestore] AndroidManifest.xml:11:13-13:85
61                android:name="com.google.firebase.components:io.flutter.plugins.firebase.firestore.FlutterFirebaseFirestoreRegistrar"
61-->[:cloud_firestore] AndroidManifest.xml:12:17-134
62                android:value="com.google.firebase.components.ComponentRegistrar" />
62-->[:cloud_firestore] AndroidManifest.xml:13:17-82
63            <meta-data
63-->[:firebase_core] AndroidManifest.xml:11:13-13:85
64                android:name="com.google.firebase.components:io.flutter.plugins.firebase.core.FlutterFirebaseCoreRegistrar"
64-->[:firebase_core] AndroidManifest.xml:12:17-124
65                android:value="com.google.firebase.components.ComponentRegistrar" />
65-->[:firebase_core] AndroidManifest.xml:13:17-82
66            <meta-data
66-->[com.google.firebase:firebase-firestore:24.1.2] AndroidManifest.xml:20:13-22:85
67                android:name="com.google.firebase.components:com.google.firebase.firestore.FirestoreRegistrar"
67-->[com.google.firebase:firebase-firestore:24.1.2] AndroidManifest.xml:21:17-111
68                android:value="com.google.firebase.components.ComponentRegistrar" />
68-->[com.google.firebase:firebase-firestore:24.1.2] AndroidManifest.xml:22:17-82
69            <meta-data
69-->[com.google.firebase:firebase-storage:20.0.1] AndroidManifest.xml:33:13-35:85
70                android:name="com.google.firebase.components:com.google.firebase.storage.StorageRegistrar"
70-->[com.google.firebase:firebase-storage:20.0.1] AndroidManifest.xml:34:17-107
71                android:value="com.google.firebase.components.ComponentRegistrar" />
71-->[com.google.firebase:firebase-storage:20.0.1] AndroidManifest.xml:35:17-82
72        </service>
73
74        <provider
74-->[:image_picker_android] AndroidManifest.xml:10:9-18:20
75            android:name="io.flutter.plugins.imagepicker.ImagePickerFileProvider"
75-->[:image_picker_android] AndroidManifest.xml:11:13-82
76            android:authorities="com.example.draw.flutter.image_provider"
76-->[:image_picker_android] AndroidManifest.xml:12:13-74
77            android:exported="false"
77-->[:image_picker_android] AndroidManifest.xml:13:13-37
78            android:grantUriPermissions="true" >
78-->[:image_picker_android] AndroidManifest.xml:14:13-47
79            <meta-data
79-->[:image_picker_android] AndroidManifest.xml:15:13-17:75
80                android:name="android.support.FILE_PROVIDER_PATHS"
80-->[:image_picker_android] AndroidManifest.xml:16:17-67
81                android:resource="@xml/flutter_image_picker_file_paths" />
81-->[:image_picker_android] AndroidManifest.xml:17:17-72
82        </provider>
83
84        <uses-library
84-->[androidx.window:window:1.0.0-beta04] AndroidManifest.xml:25:9-27:40
85            android:name="androidx.window.extensions"
85-->[androidx.window:window:1.0.0-beta04] AndroidManifest.xml:26:13-54
86            android:required="false" />
86-->[androidx.window:window:1.0.0-beta04] AndroidManifest.xml:27:13-37
87        <uses-library
87-->[androidx.window:window:1.0.0-beta04] AndroidManifest.xml:28:9-30:40
88            android:name="androidx.window.sidecar"
88-->[androidx.window:window:1.0.0-beta04] AndroidManifest.xml:29:13-51
89            android:required="false" />
89-->[androidx.window:window:1.0.0-beta04] AndroidManifest.xml:30:13-37
90
91        <provider
91-->[com.google.firebase:firebase-common:20.1.1] AndroidManifest.xml:26:9-31:39
92            android:name="com.google.firebase.provider.FirebaseInitProvider"
92-->[com.google.firebase:firebase-common:20.1.1] AndroidManifest.xml:27:13-77
93            android:authorities="com.example.draw.firebaseinitprovider"
93-->[com.google.firebase:firebase-common:20.1.1] AndroidManifest.xml:28:13-72
94            android:directBootAware="true"
94-->[com.google.firebase:firebase-common:20.1.1] AndroidManifest.xml:29:13-43
95            android:exported="false"
95-->[com.google.firebase:firebase-common:20.1.1] AndroidManifest.xml:30:13-37
96            android:initOrder="100" />
96-->[com.google.firebase:firebase-common:20.1.1] AndroidManifest.xml:31:13-36
97
98        <activity
98-->[com.google.android.gms:play-services-base:18.0.1] AndroidManifest.xml:20:9-22:45
99            android:name="com.google.android.gms.common.api.GoogleApiActivity"
99-->[com.google.android.gms:play-services-base:18.0.1] AndroidManifest.xml:20:19-85
100            android:exported="false"
100-->[com.google.android.gms:play-services-base:18.0.1] AndroidManifest.xml:22:19-43
101            android:theme="@android:style/Theme.Translucent.NoTitleBar" />
101-->[com.google.android.gms:play-services-base:18.0.1] AndroidManifest.xml:21:19-78
102
103        <meta-data
103-->[com.google.android.gms:play-services-basement:18.0.0] AndroidManifest.xml:21:9-23:69
104            android:name="com.google.android.gms.version"
104-->[com.google.android.gms:play-services-basement:18.0.0] AndroidManifest.xml:22:13-58
105            android:value="@integer/google_play_services_version" />
105-->[com.google.android.gms:play-services-basement:18.0.0] AndroidManifest.xml:23:13-66
106    </application>
107
108</manifest>